<?xml version="1.0" encoding="UTF-8"?>
<!-- Generated by org.testng.reporters.JUnitReportReporter -->
<testsuite hostname="LAPTOP-J5E37TJF" failures="0" tests="3" name="testjavapages.LoginPageTest" time="5.446" errors="0" timestamp="2022-05-12T11:27:23 IST" skipped="0">
  <testcase classname="testjavapages.LoginPageTest" name="verifyUrlOfPage" time="0.016"/>
  <system-out/>
  <testcase classname="testjavapages.LoginPageTest" name="verifyTitleOfPage" time="0.015"/>
  <system-out/>
  <testcase classname="testjavapages.LoginPageTest" name="verifyLoginWithCorrectCred" time="5.415"/>
  <system-out/>
</testsuite> <!-- testjavapages.LoginPageTest -->
