<?xml version="1.0" encoding="UTF-8"?>
<!-- Generated by org.testng.reporters.JUnitReportReporter -->
<testsuite hostname="LAPTOP-J5E37TJF" failures="0" tests="1" name="testjava.DashboardPageTest" time="5.884" errors="0" timestamp="2022-05-10T21:54:21 IST" skipped="0">
  <testcase classname="testjava.DashboardPageTest" name="verifyLogoutOption" time="5.884"/>
  <system-out/>
</testsuite> <!-- testjava.DashboardPageTest -->
