<?xml version="1.0" encoding="UTF-8"?>
<!-- Generated by org.testng.reporters.JUnitReportReporter -->
<testsuite hostname="LAPTOP-J5E37TJF" failures="0" tests="1" name="testjavapages.DashboardPageTest" time="7.082" errors="0" timestamp="2022-05-12T11:27:23 IST" skipped="0">
  <testcase classname="testjavapages.DashboardPageTest" name="verifyLogoutOption" time="7.082"/>
  <system-out/>
</testsuite> <!-- testjavapages.DashboardPageTest -->
