<?xml version="1.0" encoding="UTF-8"?>
<!-- Generated by org.testng.reporters.JUnitReportReporter -->
<testsuite hostname="LAPTOP-J5E37TJF" failures="0" tests="3" name="testjava.LoginPageTest" time="5.206" errors="0" timestamp="2022-05-10T22:01:00 IST" skipped="0">
  <testcase classname="testjava.LoginPageTest" name="verifyUrlOfPage" time="0.008"/>
  <system-out/>
  <testcase classname="testjava.LoginPageTest" name="verifyTitleOfPage" time="0.009"/>
  <system-out/>
  <testcase classname="testjava.LoginPageTest" name="verifyLoginWithCorrectCred" time="5.189"/>
  <system-out/>
</testsuite> <!-- testjava.LoginPageTest -->
